<?xml version="1.0" encoding="UTF-8"?>
<!-- Generated by org.testng.reporters.JUnitReportReporter -->
<testsuite hostname="JIMMY" failures="0" tests="1" name="testcase.TestScripts" time="44.897" errors="0" timestamp="2020-09-27T20:24:37 IST" skipped="0">
  <testcase classname="testcase.TestScripts" name="test01" time="44.897"/>
  <system-out/>
</testsuite> <!-- testcase.TestScripts -->
