<?xml version="1.0" encoding="UTF-8"?>
<!-- Generated by org.testng.reporters.JUnitReportReporter -->
<testsuite hostname="JIMMY" failures="0" tests="1" name="basetest.CommonScript" time="33.369" errors="0" timestamp="2020-09-27T11:18:07 IST" skipped="0">
  <testcase classname="basetest.CommonScript" name="Openurl" time="33.369"/>
  <system-out/>
</testsuite> <!-- basetest.CommonScript -->
